0 silly argv { _: [ 'run' ],
0 silly argv   stream: true,
0 silly argv   lernaVersion: '3.16.4',
0 silly argv   '$0':
0 silly argv    '/Users/deljuse.musin/WebstormProjects/neuron-network-visualize/node_modules/.bin/lerna',
0 silly argv   script: 'start-dev' }
1 notice cli v3.16.4
2 verbose rootPath /Users/deljuse.musin/WebstormProjects/neuron-network-visualize
3 info Executing command in 2 packages: "yarn run start-dev"
4 silly npmRunScript.stream [ 'start-dev', [], 'neuron-desktop' ]
5 silly getExecOpts /Users/deljuse.musin/WebstormProjects/neuron-network-visualize/packages/desktop undefined
6 silly npmRunScript.stream [ 'start-dev', [], 'ui' ]
7 silly getExecOpts /Users/deljuse.musin/WebstormProjects/neuron-network-visualize/packages/ui undefined
8 error Error: Command failed: yarn run start-dev
8 error
8 error [2K[1G[1myarn run v1.16.0[22m
8 error [2K[1G[2m$ node src/waitReact.js[22m
8 error starting electron
8 error stdout:
8 error > neuron-desktop@1.0.0 electron /Users/deljuse.musin/WebstormProjects/neuron-network-visualize/packages/desktop
8 error > set ELECTRON_START_URL=http://localhost:3000 && electron bootwithbabel.js .
8 error
8 error
8 error
8 error     at makeError (/Users/deljuse.musin/WebstormProjects/neuron-network-visualize/node_modules/execa/index.js:174:9)
8 error     at Promise.all.then.arr (/Users/deljuse.musin/WebstormProjects/neuron-network-visualize/node_modules/execa/index.js:278:16)
